[debug] [2022-07-27T16:01:59.668Z] ----------------------------------------------------------------------
[debug] [2022-07-27T16:01:59.670Z] Command:       C:\Program Files\nodejs\node.exe C:\Users\vikra\AppData\Roaming\npm\node_modules\firebase-tools\lib\bin\firebase.js init
[debug] [2022-07-27T16:01:59.670Z] CLI Version:   11.4.0
[debug] [2022-07-27T16:01:59.670Z] Platform:      win32
[debug] [2022-07-27T16:01:59.671Z] Node Version:  v16.16.0
[debug] [2022-07-27T16:01:59.671Z] Time:          Wed Jul 27 2022 21:31:59 GMT+0530 (India Standard Time)
[debug] [2022-07-27T16:01:59.672Z] ----------------------------------------------------------------------
[debug] 
[debug] [2022-07-27T16:01:59.679Z] > command requires scopes: ["email","openid","https://www.googleapis.com/auth/cloudplatformprojects.readonly","https://www.googleapis.com/auth/firebase","https://www.googleapis.com/auth/cloud-platform"]
[debug] [2022-07-27T16:01:59.679Z] > authorizing via signed-in user (vikramsinghrawat5052@gmail.com)
[info] 
     ######## #### ########  ######## ########     ###     ######  ########
     ##        ##  ##     ## ##       ##     ##  ##   ##  ##       ##
     ######    ##  ########  ######   ########  #########  ######  ######
     ##        ##  ##    ##  ##       ##     ## ##     ##       ## ##
     ##       #### ##     ## ######## ########  ##     ##  ######  ########

You're about to initialize a Firebase project in this directory:

  D:\Projects\json-server

[debug] [2022-07-27T16:02:59.116Z] ----------------------------------------------------------------------
[debug] [2022-07-27T16:02:59.118Z] Command:       C:\Program Files\nodejs\node.exe C:\Users\vikra\AppData\Roaming\npm\node_modules\firebase-tools\lib\bin\firebase.js init
[debug] [2022-07-27T16:02:59.118Z] CLI Version:   11.4.0
[debug] [2022-07-27T16:02:59.118Z] Platform:      win32
[debug] [2022-07-27T16:02:59.119Z] Node Version:  v16.16.0
[debug] [2022-07-27T16:02:59.119Z] Time:          Wed Jul 27 2022 21:32:59 GMT+0530 (India Standard Time)
[debug] [2022-07-27T16:02:59.119Z] ----------------------------------------------------------------------
[debug] 
[debug] [2022-07-27T16:02:59.126Z] > command requires scopes: ["email","openid","https://www.googleapis.com/auth/cloudplatformprojects.readonly","https://www.googleapis.com/auth/firebase","https://www.googleapis.com/auth/cloud-platform"]
[debug] [2022-07-27T16:02:59.126Z] > authorizing via signed-in user (vikramsinghrawat5052@gmail.com)
[info] 
     ######## #### ########  ######## ########     ###     ######  ########
     ##        ##  ##     ## ##       ##     ##  ##   ##  ##       ##
     ######    ##  ########  ######   ########  #########  ######  ######
     ##        ##  ##    ##  ##       ##     ## ##     ##       ## ##
     ##       #### ##     ## ######## ########  ##     ##  ######  ########

You're about to initialize a Firebase project in this directory:

  D:\Projects\json-server

[info] 
=== Project Setup
[info] 
[info] First, let's associate this project directory with a Firebase project.
[info] You can create multiple project aliases by running firebase use --add, 
[info] but for now we'll just set up a default project.
[info] 
[debug] [2022-07-27T16:03:16.100Z] >>> [apiv2][query] GET https://firebase.googleapis.com/v1beta1/projects pageSize=100
[debug] [2022-07-27T16:03:16.826Z] <<< [apiv2][status] GET https://firebase.googleapis.com/v1beta1/projects 200
[debug] [2022-07-27T16:03:16.826Z] <<< [apiv2][body] GET https://firebase.googleapis.com/v1beta1/projects [omitted]
[info] i  Using project jsondb-56fcd (JsonDB) 
[info] 
=== Database Setup
[info] i  database: ensuring required API firebasedatabase.googleapis.com is enabled... 
[debug] [2022-07-27T16:03:18.846Z] >>> [apiv2][query] GET https://serviceusage.googleapis.com/v1/projects/jsondb-56fcd/services/firebasedatabase.googleapis.com [none]
[debug] [2022-07-27T16:03:20.466Z] <<< [apiv2][status] GET https://serviceusage.googleapis.com/v1/projects/jsondb-56fcd/services/firebasedatabase.googleapis.com 200
[debug] [2022-07-27T16:03:20.466Z] <<< [apiv2][body] GET https://serviceusage.googleapis.com/v1/projects/jsondb-56fcd/services/firebasedatabase.googleapis.com [omitted]
[info] +  database: required API firebasedatabase.googleapis.com is enabled 
[info] 
[debug] [2022-07-27T16:03:20.467Z] >>> [apiv2][query] GET https://firebasedatabase.googleapis.com/v1beta/projects/jsondb-56fcd/locations/-/instances/jsondb-56fcd-default-rtdb [none]
[debug] [2022-07-27T16:03:21.183Z] <<< [apiv2][status] GET https://firebasedatabase.googleapis.com/v1beta/projects/jsondb-56fcd/locations/-/instances/jsondb-56fcd-default-rtdb 200
[debug] [2022-07-27T16:03:21.183Z] <<< [apiv2][body] GET https://firebasedatabase.googleapis.com/v1beta/projects/jsondb-56fcd/locations/-/instances/jsondb-56fcd-default-rtdb {"name":"projects/1081192472138/locations/asia-southeast1/instances/jsondb-56fcd-default-rtdb","project":"projects/1081192472138","databaseUrl":"https://jsondb-56fcd-default-rtdb.asia-southeast1.firebasedatabase.app","type":"DEFAULT_DATABASE","state":"ACTIVE"}
[info] 
[info] Firebase Realtime Database Security Rules allow you to define how your data should be
[info] structured and when your data can be read from and written to.
[info] 
[debug] [2022-07-27T16:03:26.492Z] >>> [apiv2][query] GET https://jsondb-56fcd-default-rtdb.asia-southeast1.firebasedatabase.app/.settings/rules.json [none]
[debug] [2022-07-27T16:03:26.719Z] <<< [apiv2][status] GET https://jsondb-56fcd-default-rtdb.asia-southeast1.firebasedatabase.app/.settings/rules.json 200
[debug] [2022-07-27T16:03:26.719Z] <<< [apiv2][body] GET https://jsondb-56fcd-default-rtdb.asia-southeast1.firebasedatabase.app/.settings/rules.json [stream]
[info] +  Database Rules for jsondb-56fcd-default-rtdb have been written to database.rules.json. 
[info] Future modifications to database.rules.json will update Realtime Database Security Rules when you run
[info] firebase deploy.
[info] 
=== Firestore Setup
[debug] [2022-07-27T16:03:26.722Z] >>> [apiv2][query] GET https://serviceusage.googleapis.com/v1/projects/jsondb-56fcd/services/firestore.googleapis.com [none]
[debug] [2022-07-27T16:03:28.358Z] <<< [apiv2][status] GET https://serviceusage.googleapis.com/v1/projects/jsondb-56fcd/services/firestore.googleapis.com 200
[debug] [2022-07-27T16:03:28.358Z] <<< [apiv2][body] GET https://serviceusage.googleapis.com/v1/projects/jsondb-56fcd/services/firestore.googleapis.com [omitted]
[debug] [2022-07-27T16:03:28.358Z] >>> [apiv2][query] GET https://appengine.googleapis.com/v1/apps/jsondb-56fcd [none]
[debug] [2022-07-27T16:03:28.870Z] <<< [apiv2][status] GET https://appengine.googleapis.com/v1/apps/jsondb-56fcd 200
[debug] [2022-07-27T16:03:28.870Z] <<< [apiv2][body] GET https://appengine.googleapis.com/v1/apps/jsondb-56fcd {"name":"apps/jsondb-56fcd","id":"jsondb-56fcd","authDomain":"gmail.com","locationId":"asia-south1","codeBucket":"staging.jsondb-56fcd.appspot.com","servingStatus":"SERVING","defaultHostname":"jsondb-56fcd.el.r.appspot.com","defaultBucket":"jsondb-56fcd.appspot.com","serviceAccount":"jsondb-56fcd@appspot.gserviceaccount.com","gcrDomain":"asia.gcr.io","databaseType":"CLOUD_FIRESTORE","featureSettings":{"splitHealthChecks":true,"useContainerOptimizedOs":true}}
[debug] [2022-07-27T16:03:28.870Z] database_type: CLOUD_FIRESTORE
[debug] [2022-07-27T16:03:28.870Z] > command requires scopes: ["email","openid","https://www.googleapis.com/auth/cloudplatformprojects.readonly","https://www.googleapis.com/auth/firebase","https://www.googleapis.com/auth/cloud-platform"]
[debug] [2022-07-27T16:03:28.870Z] > authorizing via signed-in user (vikramsinghrawat5052@gmail.com)
[debug] [2022-07-27T16:03:28.870Z] [iam] checking project jsondb-56fcd for permissions ["firebase.projects.get"]
[debug] [2022-07-27T16:03:28.871Z] >>> [apiv2][query] POST https://cloudresourcemanager.googleapis.com/v1/projects/jsondb-56fcd:testIamPermissions [none]
[debug] [2022-07-27T16:03:28.871Z] >>> [apiv2][(partial)header] POST https://cloudresourcemanager.googleapis.com/v1/projects/jsondb-56fcd:testIamPermissions x-goog-quota-user=projects/jsondb-56fcd
[debug] [2022-07-27T16:03:28.871Z] >>> [apiv2][body] POST https://cloudresourcemanager.googleapis.com/v1/projects/jsondb-56fcd:testIamPermissions {"permissions":["firebase.projects.get"]}
[debug] [2022-07-27T16:03:30.324Z] <<< [apiv2][status] POST https://cloudresourcemanager.googleapis.com/v1/projects/jsondb-56fcd:testIamPermissions 200
[debug] [2022-07-27T16:03:30.324Z] <<< [apiv2][body] POST https://cloudresourcemanager.googleapis.com/v1/projects/jsondb-56fcd:testIamPermissions {"permissions":["firebase.projects.get"]}
[info] 
[info] Firestore Security Rules allow you to define how and when to allow
[info] requests. You can keep these rules in your project directory
[info] and publish them with firebase deploy.
[info] 
[debug] [2022-07-27T16:03:31.708Z] >>> [apiv2][query] GET https://firebaserules.googleapis.com/v1/projects/jsondb-56fcd/releases pageSize=10&pageToken=
[debug] [2022-07-27T16:03:33.308Z] <<< [apiv2][status] GET https://firebaserules.googleapis.com/v1/projects/jsondb-56fcd/releases 200
[debug] [2022-07-27T16:03:33.308Z] <<< [apiv2][body] GET https://firebaserules.googleapis.com/v1/projects/jsondb-56fcd/releases {"releases":[{"name":"projects/jsondb-56fcd/releases/cloud.firestore","rulesetName":"projects/jsondb-56fcd/rulesets/1ca75692-dcca-4ba6-89ae-0393dcab14b2","createTime":"2022-07-27T16:00:44.001713Z","updateTime":"2022-07-27T16:01:11.546504Z"},{"name":"projects/jsondb-56fcd/releases/firebase.storage/jsondb-56fcd.appspot.com","rulesetName":"projects/jsondb-56fcd/rulesets/086db27b-9131-4fbe-87a8-712ab0ab8c55","createTime":"2022-07-27T16:01:49.117368Z","updateTime":"2022-07-27T16:01:58.081684Z"}]}
[debug] [2022-07-27T16:03:33.308Z] Found ruleset: projects/jsondb-56fcd/rulesets/1ca75692-dcca-4ba6-89ae-0393dcab14b2
[debug] [2022-07-27T16:03:33.308Z] >>> [apiv2][query] GET https://firebaserules.googleapis.com/v1/projects/jsondb-56fcd/rulesets/1ca75692-dcca-4ba6-89ae-0393dcab14b2 [none]
[debug] [2022-07-27T16:03:34.711Z] <<< [apiv2][status] GET https://firebaserules.googleapis.com/v1/projects/jsondb-56fcd/rulesets/1ca75692-dcca-4ba6-89ae-0393dcab14b2 200
[debug] [2022-07-27T16:03:34.711Z] <<< [apiv2][body] GET https://firebaserules.googleapis.com/v1/projects/jsondb-56fcd/rulesets/1ca75692-dcca-4ba6-89ae-0393dcab14b2 [omitted]
[info] 
[info] Firestore indexes allow you to perform complex queries while
[info] maintaining performance that scales with the size of the result
[info] set. You can keep index definitions in your project directory
[info] and publish them with firebase deploy.
[info] 
[debug] [2022-07-27T16:03:37.229Z] >>> [apiv2][query] GET https://firestore.googleapis.com/v1/projects/jsondb-56fcd/databases/(default)/collectionGroups/-/indexes [none]
[debug] [2022-07-27T16:03:37.230Z] >>> [apiv2][query] GET https://firestore.googleapis.com/v1/projects/jsondb-56fcd/databases/(default)/collectionGroups/-/fields?filter=indexConfig.usesAncestorConfig=false [none]
[debug] [2022-07-27T16:03:37.674Z] <<< [apiv2][status] GET https://firestore.googleapis.com/v1/projects/jsondb-56fcd/databases/(default)/collectionGroups/-/indexes 200
[debug] [2022-07-27T16:03:37.674Z] <<< [apiv2][body] GET https://firestore.googleapis.com/v1/projects/jsondb-56fcd/databases/(default)/collectionGroups/-/indexes {}
[debug] [2022-07-27T16:03:38.526Z] <<< [apiv2][status] GET https://firestore.googleapis.com/v1/projects/jsondb-56fcd/databases/(default)/collectionGroups/-/fields?filter=indexConfig.usesAncestorConfig=false 200
[debug] [2022-07-27T16:03:38.526Z] <<< [apiv2][body] GET https://firestore.googleapis.com/v1/projects/jsondb-56fcd/databases/(default)/collectionGroups/-/fields?filter=indexConfig.usesAncestorConfig=false {"fields":[{"name":"projects/jsondb-56fcd/databases/(default)/collectionGroups/__default__/fields/*","indexConfig":{"indexes":[{"queryScope":"COLLECTION","fields":[{"fieldPath":"*","order":"ASCENDING"}],"state":"READY"},{"queryScope":"COLLECTION","fields":[{"fieldPath":"*","order":"DESCENDING"}],"state":"READY"},{"queryScope":"COLLECTION","fields":[{"fieldPath":"*","arrayConfig":"CONTAINS"}],"state":"READY"}]}}]}
[info] 
=== Hosting Setup
[info] 
[info] Your public directory is the folder (relative to your project directory) that
[info] will contain Hosting assets to be uploaded with firebase deploy. If you
[info] have a build process for your assets, use your build's output directory.
[info] 
[debug] [2022-07-27T16:04:00.402Z] >>> [apiv2][query] GET https://www.gstatic.com/firebasejs/releases.json [none]
[debug] [2022-07-27T16:04:00.524Z] <<< [apiv2][status] GET https://www.gstatic.com/firebasejs/releases.json 200
[debug] [2022-07-27T16:04:00.524Z] <<< [apiv2][body] GET https://www.gstatic.com/firebasejs/releases.json {"current":{"version":"9.9.1","browserURL":"https://www.gstatic.com/firebasejs/9.9.1/firebase.js","packageURL":"https://www.gstatic.com/firebasejs/9.9.1/firebase.tgz"},"live":{"version":"9.9","browserURL":"https://www.gstatic.com/firebasejs/live/9.9/firebase.js","packageURL":"https://www.gstatic.com/firebasejs/live/9.9/firebase.tgz"},"components":{"analytics":"https://www.gstatic.com/firebasejs/9.9.1/firebase-analytics.js","app":"https://www.gstatic.com/firebasejs/9.9.1/firebase-app.js","app-check":"https://www.gstatic.com/firebasejs/9.9.1/firebase-app-check.js","auth":"https://www.gstatic.com/firebasejs/9.9.1/firebase-auth.js","auth/cordova":"https://www.gstatic.com/firebasejs/9.9.1/firebase-auth/cordova.js","auth/react-native":"https://www.gstatic.com/firebasejs/9.9.1/firebase-auth/react-native.js","functions":"https://www.gstatic.com/firebasejs/9.9.1/firebase-functions.js","firestore":"https://www.gstatic.com/firebasejs/9.9.1/firebase-firestore.js","firestore/lite":"https://www.gstatic.com/firebasejs/9.9.1/firebase-firestore/lite.js","installations":"https://www.gstatic.com/firebasejs/9.9.1/firebase-installations.js","storage":"https://www.gstatic.com/firebasejs/9.9.1/firebase-storage.js","performance":"https://www.gstatic.com/firebasejs/9.9.1/firebase-performance.js","remote-config":"https://www.gstatic.com/firebasejs/9.9.1/firebase-remote-config.js","messaging":"https://www.gstatic.com/firebasejs/9.9.1/firebase-messaging.js","messaging/sw":"https://www.gstatic.com/firebasejs/9.9.1/firebase-messaging/sw.js","database":"https://www.gstatic.com/firebasejs/9.9.1/firebase-database.js","firestore.memory":"https://www.gstatic.com/firebasejs/9.9.1/firebase-firestore.memory.js"}}
[info] +  Wrote public/index.html 
[info] 
[info] i  Detected a .git folder at D:\Projects\json-server 
[info] i  Authorizing with GitHub to upload your service account to a GitHub repository's secrets store. 
[info] 
[info] Visit this URL on this device to log in:
[info] https://github.com/login/oauth/authorize?client_id=89cf50f02ac6aaed3484&state=417127660&redirect_uri=http%3A%2F%2Flocalhost%3A9005&scope=read%3Auser%20repo%20public_repo
[info] 
[info] Waiting for authentication...
[debug] [2022-07-27T16:04:09.763Z] >>> [apiv2][query] POST https://github.com/login/oauth/access_token [none]
[debug] [2022-07-27T16:04:09.763Z] >>> [apiv2][body] POST https://github.com/login/oauth/access_token [stream]
[debug] [2022-07-27T16:04:10.173Z] <<< [apiv2][status] POST https://github.com/login/oauth/access_token 200
[debug] [2022-07-27T16:04:10.173Z] <<< [apiv2][body] POST https://github.com/login/oauth/access_token {"access_token":"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","token_type":"bearer","scope":"read:user,repo"}
[debug] [2022-07-27T16:04:10.177Z] >>> [apiv2][query] GET https://api.github.com/user [none]
[debug] [2022-07-27T16:04:10.642Z] <<< [apiv2][status] GET https://api.github.com/user 200
[debug] [2022-07-27T16:04:10.642Z] <<< [apiv2][body] GET https://api.github.com/user {"login":"Vikram2921","id":36297291,"node_id":"MDQ6VXNlcjM2Mjk3Mjkx","avatar_url":"https://avatars.githubusercontent.com/u/36297291?v=4","gravatar_id":"","url":"https://api.github.com/users/Vikram2921","html_url":"https://github.com/Vikram2921","followers_url":"https://api.github.com/users/Vikram2921/followers","following_url":"https://api.github.com/users/Vikram2921/following{/other_user}","gists_url":"https://api.github.com/users/Vikram2921/gists{/gist_id}","starred_url":"https://api.github.com/users/Vikram2921/starred{/owner}{/repo}","subscriptions_url":"https://api.github.com/users/Vikram2921/subscriptions","organizations_url":"https://api.github.com/users/Vikram2921/orgs","repos_url":"https://api.github.com/users/Vikram2921/repos","events_url":"https://api.github.com/users/Vikram2921/events{/privacy}","received_events_url":"https://api.github.com/users/Vikram2921/received_events","type":"User","site_admin":false,"name":"Vikram Singh Rawat","company":null,"blog":"","location":"Ajmer","email":null,"hireable":null,"bio":null,"twitter_username":null,"public_repos":5,"public_gists":0,"followers":0,"following":2,"created_at":"2018-02-09T10:37:55Z","updated_at":"2022-07-16T02:15:22Z","private_gists":0,"total_private_repos":21,"owned_private_repos":21,"disk_usage":267177,"collaborators":6,"two_factor_authentication":false,"plan":{"name":"free","space":976562499,"collaborators":0,"private_repos":10000}}
[info] 
[info] +  Success! Logged into GitHub as Vikram2921 
[info] 
